The HCMV genome (NC_006273.2) has 169 CDS
sample	condition	min_tpm	med_tpm	mean_tpm	max_tpm
SRR5660030	2dpi	0.0	1873.57	5917.159002366863	76823.1
SRR5660045	6dpi	0.0	1087.04	5917.159471597633	401009.0
SRR5660033	6dpi	0.0	1976.09	5917.161399408283	177444.0
SRR5660044	2dpi	0.0	1904.75	5917.162656804734	222836.0
target_id test_stat pval qval
YP_081530.1 15.1701866997159 9.82423364517197e-05 0.0084470842296773
YP_081547.1 15.0222220361567 0.00010625263181984 0.0084470842296773
YP_081552.1 14.0522178430991 0.000177804022320064 0.00942361318296338
YP_081551.1 12.4645489817002 0.000414748651586912 0.0164862589005798
YP_081577.1 11.8631787107672 0.000572547353987894 0.0176461837332706
YP_081489.1 11.5821091228745 0.000665893725783795 0.0176461837332706
YP_081574.1 11.0339165603048 0.000894599441836986 0.0187484174242745
YP_081521.1 10.8639382043463 0.000980549539437701 0.0187484174242745
YP_081576.1 10.7175671209766 0.00106123117495893 0.0187484174242745
YP_081490.1 10.1897453958372 0.00141223813157941 0.0224545862921127
YP_081522.1 9.39058999406174 0.00218102004770734 0.0315256534168607
YP_081561.1 8.95062965941926 0.00277373962836727 0.0367520500758663
YP_081613.1 8.63918686067072 0.00329008243382933 0.0402402389983742
YP_081600.1 8.39498870075195 0.0037625685075905 0.0427320280504921
YP_081520.1 8.24995053290671 0.00407531114719825 0.0431982981603015
YP_081533.1 8.03352840629799 0.00459193014118663 0.0456323057780422
YP_081601.1 7.86881766295849 0.00502945277192956 0.0470401759256942
YP_081595.1 7.68016602442774 0.00558310312920854 0.0493174109746755
Donor 1 (2dpi) had 2262365 read pairs before Bowtie2 filtering and 1564352 read pairs after
Donor 1 (6dpi) had 2007387 read pairs before Bowtie2 filtering and 1251187 read pairs after
Donor 3 (2dpi) had 2734180 read pairs before Bowtie2 filtering and 1925034 read pairs after
Donor 3 (6dpi) had 2480426 read pairs before Bowtie2 filtering and 1276653 read pairs after
spades.py -k 77 -t 4 --only-assembler -1 --pe-1 1 "$input_dir/SRR5660044_mapped_1.fq.gz" -pe-2 1 "$input_dir/SRR5660044_mapped_2.fq.gz" --pe-1 2 "$input_dir/SRR5660045_mapped_1.fq.gz" -pe-2 2 "$input_dir/SRR5660045_mapped_2.fq.gz" -o "$output_dir/Donor1_assembly/"
spades.py -k 77 -t 4 --only-assembler -1 --pe-1 1 "$input_dir/SRR5660044_mapped_1.fq.gz" -pe-2 1 "$input_dir/SRR5660044_mapped_2.fq.gz" --pe-1 2 "$input_dir/SRR5660045_mapped_1.fq.gz" -pe-2 2 "$input_dir/SRR5660045_mapped_2.fq.gz" -o "$output_dir/Donor3_assembly/"
Donor1:
sacc	pident	length	qstart	qend	sstart	send	bitscore	evalue	stitle
NC_006273.2	99.305	3595	1	3595	71122	67528	6501	0.0	NC_006273.2 Human herpesvirus 5 strain Merlin, complete genome
Donor3:
sacc	pident	length	qstart	qend	sstart	send	bitscore	evalue	stitle
NC_006273.2	98.962	38259	1	38244	51612	89861	68430	0.0	NC_006273.2 Human herpesvirus 5 strain Merlin, complete genome
NC_003521.1	89.722	1401	34425	35822	84006	85403	1784	0.0	NC_003521.1 Panine herpesvirus 2 strain Heberling, complete genome
NC_075417.1	83.816	1347	34485	35821	142857	141522	1260	0.0	NC_075417.1 Mandrillus leucophaeus cytomegalovirus isolate OCOM6-2, complete genome
NC_055235.1	83.705	1344	34485	35820	128658	127324	1253	0.0	NC_055235.1 Papiine betaherpesvirus 3, complete genome, *** SEQUENCING IN PROGRESS ***, 22 unordered pieces
NC_027016.1	83.605	1348	34485	35821	144757	143422	1243	0.0	NC_027016.1 Papio ursinus cytomegalovirus isolate OCOM4-52, complete genome
NC_016154.1	85.348	1208	34486	35688	75360	76562	1242	0.0	NC_016154.1 Cynomolgus macaque cytomegalovirus strain Ottawa, complete genome
NC_012783.2	85.311	1205	34486	35688	80600	81802	1242	0.0	NC_012783.2 Cercopithecine herpesvirus 5 strain 2715, complete genome
NC_033176.1	85.182	1208	34486	35688	80341	81543	1230	0.0	NC_033176.1 Cynomolgus cytomegalovirus isolate 31908, complete genome
NC_006150.1	83.824	1292	34486	35772	81325	82611	1219	0.0	NC_006150.1 Macacine herpesvirus 3, complete genome
NC_016447.1	77.632	1216	34485	35688	78422	79625	717	0.0	NC_016447.1 Aotine herpesvirus 1 strain S34E, complete genome
